#
# There is insufficient memory for the Java Runtime Environment to continue.
# Native memory allocation (mmap) failed to map 56623104 bytes for G1 virtual space
# Possible reasons:
#   The system is out of physical RAM or swap space
#   The process is running with CompressedOops enabled, and the Java Heap may be blocking the growth of the native heap
# Possible solutions:
#   Reduce memory load on the system
#   Increase physical memory or swap space
#   Check if swap backing store is full
#   Decrease Java heap size (-Xmx/-Xms)
#   Decrease number of Java threads
#   Decrease Java thread stack sizes (-Xss)
#   Set larger code cache with -XX:ReservedCodeCacheSize=
#   JVM is running with Unscaled Compressed Oops mode in which the Java heap is
#     placed in the first 4GB address space. The Java Heap base address is the
#     maximum limit for the native heap growth. Please use -XX:HeapBaseMinAddress
#     to set the Java Heap base and to place the Java Heap above 4GB virtual address.
# This output file may be truncated or incomplete.
#
#  Out of Memory Error (./open/src/hotspot/os/windows/os_windows.cpp:3321), pid=9664, tid=1292
#
# JRE version: OpenJDK Runtime Environment (15.0.2+7) (build 15.0.2+7-27)
# Java VM: OpenJDK 64-Bit Server VM (15.0.2+7-27, mixed mode, tiered, compressed oops, g1 gc, windows-amd64)
# Core dump will be written. Default location: C:\Users\BrajendraArthavedika\Desktop\brajendra\projectPhase2\hs_err_pid9664.mdmp
#

---------------  S U M M A R Y ------------

Command Line: -Dcom.sun.management.jmxremote -Dcom.sun.management.jmxremote.port=57298 -Dcom.sun.management.jmxremote.authenticate=false -Dcom.sun.management.jmxremote.ssl=false -Djava.rmi.server.hostname=localhost -Dspring.jmx.enabled=true -Dspring.application.admin.enabled=true -XX:TieredStopAtLevel=1 -Dspring.boot.project.name=phase2 -Dfile.encoding=UTF-8 -XX:+ShowCodeDetailsInExceptionMessages com.securedloan.arthavedika.ArthavedikaApplication --spring.output.ansi.enabled=always

Host: Intel(R) Xeon(R) CPU E5-2686 v4 @ 2.30GHz, 2 cores, 7G,  Windows Server 2012 R2 , 64 bit Build 9600 (6.3.9600.19843)
Time: Tue Oct 25 16:44:29 2022 India Standard Time elapsed time: 10.744639 seconds (0d 0h 0m 10s)

---------------  T H R E A D  ---------------

Current thread (0x0000005477be8c50):  VMThread "VM Thread" [stack: 0x0000005477fe0000,0x00000054780e0000] [id=1292]

Stack: [0x0000005477fe0000,0x00000054780e0000]
[error occurred during error reporting (printing stack bounds), id 0xc0000005, EXCEPTION_ACCESS_VIOLATION (0xc0000005) at pc=0x00000054611c10ad]

Native frames: (J=compiled Java code, j=interpreted, Vv=VM code, C=native code)
V  [jvm.dll+0x62ae9a]
V  [jvm.dll+0x7817a9]
V  [jvm.dll+0x782f03]
V  [jvm.dll+0x7834c5]
V  [jvm.dll+0x78347b]
V  [jvm.dll+0x62a2b9]
V  [jvm.dll+0x62aa88]
C  [ntdll.dll+0x9345d]
C  [ntdll.dll+0x54937]
C  [ntdll.dll+0x925ea]
C  0x00000054611c10ad

VM_Operation (0x000000547b77b8d0): G1CollectForAllocation, mode: safepoint, requested by thread 0x000000547a1c9b00


---------------  P R O C E S S  ---------------

Threads class SMR info:
_java_thread_list=0x0000005478edcb40, length=20, elements={
0x000000545d7f1060, 0x0000005477beec60, 0x00000054771da150, 0x0000005477c43000,
0x0000005477c458d0, 0x0000005477c46290, 0x0000005477c46d00, 0x0000005477c77ff0,
0x0000005477180bc0, 0x0000005477e03580, 0x0000005478f705e0, 0x0000005478f7bcb0,
0x0000005478f98aa0, 0x000000547a177460, 0x0000005478fa1f70, 0x000000547a1c8e10,
0x000000547a1c9b00, 0x000000547a1ca7e0, 0x000000547a240ed0, 0x000000547a241870
}

Java Threads: ( => current thread )
  0x000000545d7f1060 JavaThread "main" [_thread_blocked, id=8780, stack(0x000000545ce80000,0x000000545cf80000)]
  0x0000005477beec60 JavaThread "Reference Handler" daemon [_thread_blocked, id=9200, stack(0x00000054780e0000,0x00000054781e0000)]
  0x00000054771da150 JavaThread "Finalizer" daemon [_thread_blocked, id=10284, stack(0x00000054781e0000,0x00000054782e0000)]
  0x0000005477c43000 JavaThread "Signal Dispatcher" daemon [_thread_blocked, id=436, stack(0x00000054782e0000,0x00000054783e0000)]
  0x0000005477c458d0 JavaThread "Attach Listener" daemon [_thread_blocked, id=10780, stack(0x00000054783e0000,0x00000054784e0000)]
  0x0000005477c46290 JavaThread "Service Thread" daemon [_thread_blocked, id=10340, stack(0x00000054784e0000,0x00000054785e0000)]
  0x0000005477c46d00 JavaThread "C1 CompilerThread0" daemon [_thread_blocked, id=5400, stack(0x00000054785e0000,0x00000054786e0000)]
  0x0000005477c77ff0 JavaThread "Sweeper thread" daemon [_thread_blocked, id=6888, stack(0x00000054786e0000,0x00000054787e0000)]
  0x0000005477180bc0 JavaThread "Common-Cleaner" daemon [_thread_blocked, id=4388, stack(0x00000054787e0000,0x00000054788e0000)]
  0x0000005477e03580 JavaThread "Notification Thread" daemon [_thread_blocked, id=5724, stack(0x00000054788e0000,0x00000054789e0000)]
  0x0000005478f705e0 JavaThread "RMI TCP Accept-0" daemon [_thread_in_native, id=12616, stack(0x0000005479ac0000,0x0000005479bc0000)]
  0x0000005478f7bcb0 JavaThread "RMI TCP Accept-57298" daemon [_thread_in_native, id=10368, stack(0x0000005479bc0000,0x0000005479cc0000)]
  0x0000005478f98aa0 JavaThread "RMI TCP Accept-0" daemon [_thread_in_native, id=11176, stack(0x0000005479cc0000,0x0000005479dc0000)]
  0x000000547a177460 JavaThread "RMI TCP Connection(1)-127.0.0.1" daemon [_thread_in_native, id=5508, stack(0x000000547b180000,0x000000547b280000)]
  0x0000005478fa1f70 JavaThread "Thread-0" [_thread_blocked, id=8072, stack(0x000000547b280000,0x000000547b380000)]
  0x000000547a1c8e10 JavaThread "RMI Scheduler(0)" daemon [_thread_blocked, id=4408, stack(0x000000547b380000,0x000000547b480000)]
  0x000000547a1c9b00 JavaThread "restartedMain" [_thread_blocked, id=3924, stack(0x000000547b680000,0x000000547b780000)]
  0x000000547a1ca7e0 JavaThread "RMI TCP Connection(2)-127.0.0.1" daemon [_thread_in_native, id=11756, stack(0x000000547b780000,0x000000547b880000)]
  0x000000547a240ed0 JavaThread "JMX server connection timeout 22" daemon [_thread_blocked, id=12364, stack(0x000000547b880000,0x000000547b980000)]
  0x000000547a241870 JavaThread "RMI TCP Connection(3)-127.0.0.1" daemon [_thread_in_native, id=4236, stack(0x000000547cb80000,0x000000547cc80000)]

Other Threads:
=>0x0000005477be8c50 VMThread "VM Thread" [stack: 0x0000005477fe0000,0x00000054780e0000] [id=1292]
  0x000000545d7f21c0 WatcherThread [stack: 0x0000005479dc0000,0x0000005479ec0000] [id=12032]
  0x000000545d82db20 GCTaskThread "GC Thread#0" [stack: 0x000000545d390000,0x000000545d490000] [id=8980]
  0x0000005477e017d0 GCTaskThread "GC Thread#1" [stack: 0x00000054791e0000,0x00000054792e0000] [id=6748]
  0x000000545d83edf0 ConcurrentGCThread "G1 Main Marker" [stack: 0x000000545d490000,0x000000545d590000] [id=7432]
  0x000000545d841630 ConcurrentGCThread "G1 Conc#0" [stack: 0x000000545d590000,0x000000545d690000] [id=5536]
  0x00000054770120c0 ConcurrentGCThread "G1 Refine#0" [stack: 0x00000054771e0000,0x00000054772e0000] [id=6416]
  0x0000005477013900 ConcurrentGCThread "G1 Young RemSet Sampling" [stack: 0x00000054772e0000,0x00000054773e0000] [id=12700]

Threads with active compile tasks:

VM state: at safepoint (normal execution)

VM Mutex/Monitor currently owned by a thread:  ([mutex/lock_event])
[0x000000545d7ee810] Threads_lock - owner thread: 0x0000005477be8c50
[0x000000545d7ed730] Heap_lock - owner thread: 0x000000547a1c9b00

Heap address: 0x0000000080000000, size: 2048 MB, Compressed Oops mode: 32-bit
CDS disabled.
Compressed class space mapped at: 0x0000000100000000-0x0000000140000000, size: 1073741824
Narrow klass base: 0x0000000000000000, Narrow klass shift: 3, Narrow klass range: 0x140000000

GC Precious Log:
 CPUs: 2 total, 2 available
 Memory: 8191M
 Large Page Support: Disabled
 NUMA Support: Disabled
 Compressed Oops: Enabled (32-bit)
 Heap Region Size: 1M
 Heap Min Capacity: 8M
 Heap Initial Capacity: 128M
 Heap Max Capacity: 2G
 Pre-touch: Disabled
 Parallel Workers: 2
 Concurrent Workers: 1
 Concurrent Refinement Workers: 2
 Periodic GC: Disabled

Heap:
 garbage-first heap   total 131072K, used 20034K [0x0000000080000000, 0x0000000100000000)
  region size 1024K, 3 young (3072K), 3 survivors (3072K)
 Metaspace       used 38663K, capacity 39120K, committed 39500K, reserved 1083392K
  class space    used 4643K, capacity 4810K, committed 4940K, reserved 1048576K

Heap Regions: E=young(eden), S=young(survivor), O=old, HS=humongous(starts), HC=humongous(continues), CS=collection set, F=free, OA=open archive, CA=closed archive, TAMS=top-at-mark-start (previous, next)
|   0|0x0000000080000000, 0x0000000080100000, 0x0000000080100000|100%|HS|  |TAMS 0x0000000080100000, 0x0000000080000000| Complete 
|   1|0x0000000080100000, 0x0000000080200000, 0x0000000080200000|100%| O|  |TAMS 0x0000000080200000, 0x0000000080100000| Untracked 
|   2|0x0000000080200000, 0x0000000080300000, 0x0000000080300000|100%| O|  |TAMS 0x0000000080300000, 0x0000000080200000| Untracked 
|   3|0x0000000080300000, 0x0000000080400000, 0x0000000080400000|100%| O|  |TAMS 0x0000000080400000, 0x0000000080300000| Untracked 
|   4|0x0000000080400000, 0x0000000080500000, 0x0000000080500000|100%| O|  |TAMS 0x0000000080500000, 0x0000000080400000| Untracked 
|   5|0x0000000080500000, 0x0000000080600000, 0x0000000080600000|100%| O|  |TAMS 0x0000000080600000, 0x0000000080500000| Untracked 
|   6|0x0000000080600000, 0x0000000080700000, 0x0000000080700000|100%| O|  |TAMS 0x0000000080700000, 0x0000000080600000| Untracked 
|   7|0x0000000080700000, 0x0000000080780000, 0x0000000080800000| 50%| O|  |TAMS 0x0000000080780000, 0x0000000080700000| Untracked 
|   8|0x0000000080800000, 0x0000000080900000, 0x0000000080900000|100%| O|  |TAMS 0x0000000080900000, 0x0000000080800000| Untracked 
|   9|0x0000000080900000, 0x00000000809e6200, 0x0000000080a00000| 89%| O|  |TAMS 0x00000000809e6200, 0x0000000080900000| Untracked 
|  10|0x0000000080a00000, 0x0000000080b00000, 0x0000000080b00000|100%| O|  |TAMS 0x0000000080a00000, 0x0000000080a00000| Untracked 
|  11|0x0000000080b00000, 0x0000000080c00000, 0x0000000080c00000|100%| O|  |TAMS 0x0000000080b00000, 0x0000000080b00000| Untracked 
|  12|0x0000000080c00000, 0x0000000080d00000, 0x0000000080d00000|100%| O|  |TAMS 0x0000000080c00000, 0x0000000080c00000| Untracked 
|  13|0x0000000080d00000, 0x0000000080d67000, 0x0000000080e00000| 40%| O|  |TAMS 0x0000000080d00000, 0x0000000080d00000| Untracked 
|  14|0x0000000080e00000, 0x0000000080f00000, 0x0000000080f00000|100%| O|  |TAMS 0x0000000080e00000, 0x0000000080e00000| Untracked 
|  15|0x0000000080f00000, 0x0000000081000000, 0x0000000081000000|100%| O|  |TAMS 0x0000000080f00000, 0x0000000080f00000| Untracked 
|  16|0x0000000081000000, 0x0000000081100000, 0x0000000081100000|100%| O|  |TAMS 0x0000000081000000, 0x0000000081000000| Untracked 
|  17|0x0000000081100000, 0x00000000811c3600, 0x0000000081200000| 76%| O|  |TAMS 0x0000000081100000, 0x0000000081100000| Untracked 
|  18|0x0000000081200000, 0x0000000081200000, 0x0000000081300000|  0%| F|  |TAMS 0x0000000081200000, 0x0000000081200000| Untracked 
|  19|0x0000000081300000, 0x0000000081300000, 0x0000000081400000|  0%| F|  |TAMS 0x0000000081300000, 0x0000000081300000| Untracked 
|  20|0x0000000081400000, 0x0000000081400000, 0x0000000081500000|  0%| F|  |TAMS 0x0000000081400000, 0x0000000081400000| Untracked 
|  21|0x0000000081500000, 0x0000000081500000, 0x0000000081600000|  0%| F|  |TAMS 0x0000000081500000, 0x0000000081500000| Untracked 
|  22|0x0000000081600000, 0x0000000081600000, 0x0000000081700000|  0%| F|  |TAMS 0x0000000081600000, 0x0000000081600000| Untracked 
|  23|0x0000000081700000, 0x0000000081700000, 0x0000000081800000|  0%| F|  |TAMS 0x0000000081700000, 0x0000000081700000| Untracked 
|  24|0x0000000081800000, 0x0000000081800000, 0x0000000081900000|  0%| F|  |TAMS 0x0000000081800000, 0x0000000081800000| Untracked 
|  25|0x0000000081900000, 0x0000000081900000, 0x0000000081a00000|  0%| F|  |TAMS 0x0000000081900000, 0x0000000081900000| Untracked 
|  26|0x0000000081a00000, 0x0000000081a00000, 0x0000000081b00000|  0%| F|  |TAMS 0x0000000081a00000, 0x0000000081a00000| Untracked 
|  27|0x0000000081b00000, 0x0000000081b00000, 0x0000000081c00000|  0%| F|  |TAMS 0x0000000081b00000, 0x0000000081b00000| Untracked 
|  28|0x0000000081c00000, 0x0000000081c00000, 0x0000000081d00000|  0%| F|  |TAMS 0x0000000081c00000, 0x0000000081c00000| Untracked 
|  29|0x0000000081d00000, 0x0000000081d00000, 0x0000000081e00000|  0%| F|  |TAMS 0x0000000081d00000, 0x0000000081d00000| Untracked 
|  30|0x0000000081e00000, 0x0000000081e00000, 0x0000000081f00000|  0%| F|  |TAMS 0x0000000081e00000, 0x0000000081e00000| Untracked 
|  31|0x0000000081f00000, 0x0000000081f00000, 0x0000000082000000|  0%| F|  |TAMS 0x0000000081f00000, 0x0000000081f00000| Untracked 
|  32|0x0000000082000000, 0x0000000082100000, 0x0000000082100000|100%| S|CS|TAMS 0x0000000082000000, 0x0000000082000000| Complete 
|  33|0x0000000082100000, 0x0000000082200000, 0x0000000082200000|100%| S|CS|TAMS 0x0000000082100000, 0x0000000082100000| Complete 
|  34|0x0000000082200000, 0x0000000082300000, 0x0000000082300000|100%| S|CS|TAMS 0x0000000082200000, 0x0000000082200000| Complete 
|  35|0x0000000082300000, 0x0000000082300000, 0x0000000082400000|  0%| F|  |TAMS 0x0000000082300000, 0x0000000082300000| Untracked 
|  36|0x0000000082400000, 0x0000000082400000, 0x0000000082500000|  0%| F|  |TAMS 0x0000000082400000, 0x0000000082400000| Untracked 
|  37|0x0000000082500000, 0x0000000082500000, 0x0000000082600000|  0%| F|  |TAMS 0x0000000082500000, 0x0000000082500000| Untracked 
|  38|0x0000000082600000, 0x0000000082600000, 0x0000000082700000|  0%| F|  |TAMS 0x0000000082600000, 0x0000000082600000| Untracked 
|  39|0x0000000082700000, 0x0000000082700000, 0x0000000082800000|  0%| F|  |TAMS 0x0000000082700000, 0x0000000082700000| Untracked 
|  40|0x0000000082800000, 0x0000000082800000, 0x0000000082900000|  0%| F|  |TAMS 0x0000000082800000, 0x0000000082800000| Untracked 
|  41|0x0000000082900000, 0x0000000082900000, 0x0000000082a00000|  0%| F|  |TAMS 0x0000000082900000, 0x0000000082900000| Untracked 
|  42|0x0000000082a00000, 0x0000000082a00000, 0x0000000082b00000|  0%| F|  |TAMS 0x0000000082a00000, 0x0000000082a00000| Untracked 
|  43|0x0000000082b00000, 0x0000000082b00000, 0x0000000082c00000|  0%| F|  |TAMS 0x0000000082b00000, 0x0000000082b00000| Untracked 
|  44|0x0000000082c00000, 0x0000000082c00000, 0x0000000082d00000|  0%| F|  |TAMS 0x0000000082c00000, 0x0000000082c00000| Untracked 
|  45|0x0000000082d00000, 0x0000000082d00000, 0x0000000082e00000|  0%| F|  |TAMS 0x0000000082d00000, 0x0000000082d00000| Untracked 
|  46|0x0000000082e00000, 0x0000000082e00000, 0x0000000082f00000|  0%| F|  |TAMS 0x0000000082e00000, 0x0000000082e00000| Untracked 
|  47|0x0000000082f00000, 0x0000000082f00000, 0x0000000083000000|  0%| F|  |TAMS 0x0000000082f00000, 0x0000000082f00000| Untracked 
|  48|0x0000000083000000, 0x0000000083000000, 0x0000000083100000|  0%| F|  |TAMS 0x0000000083000000, 0x0000000083000000| Untracked 
|  49|0x0000000083100000, 0x0000000083100000, 0x0000000083200000|  0%| F|  |TAMS 0x0000000083100000, 0x0000000083100000| Untracked 
|  50|0x0000000083200000, 0x0000000083200000, 0x0000000083300000|  0%| F|  |TAMS 0x0000000083200000, 0x0000000083200000| Untracked 
|  51|0x0000000083300000, 0x0000000083300000, 0x0000000083400000|  0%| F|  |TAMS 0x0000000083300000, 0x0000000083300000| Untracked 
|  52|0x0000000083400000, 0x0000000083400000, 0x0000000083500000|  0%| F|  |TAMS 0x0000000083400000, 0x0000000083400000| Untracked 
|  53|0x0000000083500000, 0x0000000083500000, 0x0000000083600000|  0%| F|  |TAMS 0x0000000083500000, 0x0000000083500000| Untracked 
|  54|0x0000000083600000, 0x0000000083600000, 0x0000000083700000|  0%| F|  |TAMS 0x0000000083600000, 0x0000000083600000| Untracked 
|  55|0x0000000083700000, 0x0000000083700000, 0x0000000083800000|  0%| F|  |TAMS 0x0000000083700000, 0x0000000083700000| Untracked 
|  56|0x0000000083800000, 0x0000000083800000, 0x0000000083900000|  0%| F|  |TAMS 0x0000000083800000, 0x0000000083800000| Untracked 
|  57|0x0000000083900000, 0x0000000083900000, 0x0000000083a00000|  0%| F|  |TAMS 0x0000000083900000, 0x0000000083900000| Untracked 
|  58|0x0000000083a00000, 0x0000000083a00000, 0x0000000083b00000|  0%| F|  |TAMS 0x0000000083a00000, 0x0000000083a00000| Untracked 
|  59|0x0000000083b00000, 0x0000000083b00000, 0x0000000083c00000|  0%| F|  |TAMS 0x0000000083b00000, 0x0000000083b00000| Untracked 
|  60|0x0000000083c00000, 0x0000000083c00000, 0x0000000083d00000|  0%| F|  |TAMS 0x0000000083c00000, 0x0000000083c00000| Untracked 
|  61|0x0000000083d00000, 0x0000000083d00000, 0x0000000083e00000|  0%| F|  |TAMS 0x0000000083d00000, 0x0000000083d00000| Untracked 
|  62|0x0000000083e00000, 0x0000000083e00000, 0x0000000083f00000|  0%| F|  |TAMS 0x0000000083e00000, 0x0000000083e00000| Untracked 
|  63|0x0000000083f00000, 0x0000000083f00000, 0x0000000084000000|  0%| F|  |TAMS 0x0000000083f00000, 0x0000000083f00000| Untracked 
|  64|0x0000000084000000, 0x0000000084000000, 0x0000000084100000|  0%| F|  |TAMS 0x0000000084000000, 0x0000000084000000| Untracked 
|  65|0x0000000084100000, 0x0000000084100000, 0x0000000084200000|  0%| F|  |TAMS 0x0000000084100000, 0x0000000084100000| Untracked 
|  66|0x0000000084200000, 0x0000000084200000, 0x0000000084300000|  0%| F|  |TAMS 0x0000000084200000, 0x0000000084200000| Untracked 
|  67|0x0000000084300000, 0x0000000084300000, 0x0000000084400000|  0%| F|  |TAMS 0x0000000084300000, 0x0000000084300000| Untracked 
|  68|0x0000000084400000, 0x0000000084400000, 0x0000000084500000|  0%| F|  |TAMS 0x0000000084400000, 0x0000000084400000| Untracked 
|  69|0x0000000084500000, 0x0000000084500000, 0x0000000084600000|  0%| F|  |TAMS 0x0000000084500000, 0x0000000084500000| Untracked 
|  70|0x0000000084600000, 0x0000000084600000, 0x0000000084700000|  0%| F|  |TAMS 0x0000000084600000, 0x0000000084600000| Untracked 
|  71|0x0000000084700000, 0x0000000084700000, 0x0000000084800000|  0%| F|  |TAMS 0x0000000084700000, 0x0000000084700000| Untracked 
|  72|0x0000000084800000, 0x0000000084800000, 0x0000000084900000|  0%| F|  |TAMS 0x0000000084800000, 0x0000000084800000| Untracked 
| 127|0x0000000087f00000, 0x0000000087f00000, 0x0000000088000000|  0%| F|  |TAMS 0x0000000087f00000, 0x0000000087f00000| Untracked 

Card table byte_map: [0x00000054705c0000,0x00000054709c0000] _byte_map_base: 0x00000054701c0000

Marking Bits (Prev, Next): (CMBitMap*) 0x000000545d82e3d0, (CMBitMap*) 0x000000545d82e390
 Prev Bits: [0x0000005472dc0000, 0x0000005474dc0000)
 Next Bits: [0x0000005470dc0000, 0x0000005472dc0000)

Polling page: 0x000000545b590000

Metaspace:

Usage:
  Non-class:     33.51 MB capacity,    33.22 MB (>99%) used,   234.09 KB ( <1%) free+waste,    56.00 KB ( <1%) overhead. 
      Class:      4.70 MB capacity,     4.54 MB ( 97%) used,   144.28 KB (  3%) free+waste,    21.88 KB ( <1%) overhead. 
       Both:     38.20 MB capacity,    37.76 MB ( 99%) used,   378.37 KB ( <1%) free+waste,    77.88 KB ( <1%) overhead. 

Virtual space:
  Non-class space:       34.00 MB reserved,      33.75 MB (>99%) committed 
      Class space:        1.00 GB reserved,       4.82 MB ( <1%) committed 
             Both:        1.03 GB reserved,      38.57 MB (  4%) committed 

Chunk freelists:
   Non-Class:  58.00 KB
       Class:  22.00 KB
        Both:  80.00 KB

MaxMetaspaceSize: 17179869184.00 GB
CompressedClassSpaceSize: 1.00 GB

CodeHeap 'non-profiled nmethods': size=239488Kb used=5127Kb max_used=5127Kb free=234360Kb
 bounds [0x00000054617e0000, 0x0000005461cf0000, 0x00000054701c0000]
CodeHeap 'non-nmethods': size=6272Kb used=1204Kb max_used=1204Kb free=5067Kb
 bounds [0x00000054611c0000, 0x0000005461430000, 0x00000054617e0000]
 total_blobs=3817 nmethods=3345 adapters=399
 compilation: enabled
              stopped_count=0, restarted_count=0
 full_count=0

Compilation events (20 events):
Event: 10.716 Thread 0x0000005477c46d00 3354       1       java.util.zip.ZipUtils::get32 (23 bytes)
Event: 10.717 Thread 0x0000005477c46d00 nmethod 3354 0x0000005461cdf090 code [0x0000005461cdf220, 0x0000005461cdf398]
Event: 10.717 Thread 0x0000005477c46d00 3355       1       java.util.zip.ZipEntry::getName (5 bytes)
Event: 10.717 Thread 0x0000005477c46d00 nmethod 3355 0x0000005461cdf490 code [0x0000005461cdf620, 0x0000005461cdf6d8]
Event: 10.717 Thread 0x0000005477c46d00 3356       1       java.util.Hashtable::<init> (9 bytes)
Event: 10.718 Thread 0x0000005477c46d00 nmethod 3356 0x0000005461cdf790 code [0x0000005461cdf940, 0x0000005461cdfa28]
Event: 10.719 Thread 0x0000005477c46d00 3357       1       java.util.zip.CRC32::update (51 bytes)
Event: 10.719 Thread 0x0000005477c46d00 nmethod 3357 0x0000005461cdfa90 code [0x0000005461cdfc60, 0x0000005461cdff08]
Event: 10.719 Thread 0x0000005477c46d00 3360       1       java.util.zip.ZipInputStream::readFully (44 bytes)
Event: 10.719 Thread 0x0000005477c46d00 nmethod 3360 0x0000005461ce0090 code [0x0000005461ce0240, 0x0000005461ce0418]
Event: 10.719 Thread 0x0000005477c46d00 3359       1       java.util.zip.CRC32::updateBytesCheck (55 bytes)
Event: 10.720 Thread 0x0000005477c46d00 nmethod 3359 0x0000005461ce0510 code [0x0000005461ce06e0, 0x0000005461ce09e8]
Event: 10.720 Thread 0x0000005477c46d00 3358       1       java.util.zip.CRC32::updateBytes (14 bytes)
Event: 10.720 Thread 0x0000005477c46d00 nmethod 3358 0x0000005461ce0b90 code [0x0000005461ce0d20, 0x0000005461ce0e08]
Event: 10.720 Thread 0x0000005477c46d00 3361       1       java.util.jar.Attributes::getValue (12 bytes)
Event: 10.720 Thread 0x0000005477c46d00 nmethod 3361 0x0000005461ce0e90 code [0x0000005461ce1060, 0x0000005461ce12f8]
Event: 10.721 Thread 0x0000005477c46d00 3362       1       java.util.zip.InflaterInputStream::fill (60 bytes)
Event: 10.721 Thread 0x0000005477c46d00 nmethod 3362 0x0000005461ce1490 code [0x0000005461ce1660, 0x0000005461ce18f8]
Event: 10.721 Thread 0x0000005477c46d00 3363       1       java.util.zip.ZipInputStream::available (15 bytes)
Event: 10.721 Thread 0x0000005477c46d00 nmethod 3363 0x0000005461ce1a90 code [0x0000005461ce1c40, 0x0000005461ce1de8]

GC Heap History (19 events):
Event: 1.158 GC heap before
{Heap before GC invocations=0 (full 0):
 garbage-first heap   total 131072K, used 6144K [0x0000000080000000, 0x0000000100000000)
  region size 1024K, 6 young (6144K), 0 survivors (0K)
 Metaspace       used 6371K, capacity 6446K, committed 6784K, reserved 1056768K
  class space    used 542K, capacity 554K, committed 640K, reserved 1048576K
}
Event: 1.539 GC heap after
{Heap after GC invocations=1 (full 0):
 garbage-first heap   total 131072K, used 4827K [0x0000000080000000, 0x0000000100000000)
  region size 1024K, 1 young (1024K), 1 survivors (1024K)
 Metaspace       used 6371K, capacity 6446K, committed 6784K, reserved 1056768K
  class space    used 542K, capacity 554K, committed 640K, reserved 1048576K
}
Event: 1.654 GC heap before
{Heap before GC invocations=1 (full 0):
 garbage-first heap   total 131072K, used 8923K [0x0000000080000000, 0x0000000100000000)
  region size 1024K, 6 young (6144K), 1 survivors (1024K)
 Metaspace       used 7529K, capacity 7614K, committed 7936K, reserved 1056768K
  class space    used 664K, capacity 686K, committed 768K, reserved 1048576K
}
Event: 1.658 GC heap after
{Heap after GC invocations=2 (full 0):
 garbage-first heap   total 131072K, used 7443K [0x0000000080000000, 0x0000000100000000)
  region size 1024K, 1 young (1024K), 1 survivors (1024K)
 Metaspace       used 7529K, capacity 7614K, committed 7936K, reserved 1056768K
  class space    used 664K, capacity 686K, committed 768K, reserved 1048576K
}
Event: 2.061 GC heap before
{Heap before GC invocations=2 (full 0):
 garbage-first heap   total 131072K, used 13587K [0x0000000080000000, 0x0000000100000000)
  region size 1024K, 7 young (7168K), 1 survivors (1024K)
 Metaspace       used 12651K, capacity 12793K, committed 12928K, reserved 1060864K
  class space    used 1266K, capacity 1317K, committed 1408K, reserved 1048576K
}
Event: 2.067 GC heap after
{Heap after GC invocations=3 (full 0):
 garbage-first heap   total 131072K, used 8569K [0x0000000080000000, 0x0000000100000000)
  region size 1024K, 1 young (1024K), 1 survivors (1024K)
 Metaspace       used 12651K, capacity 12793K, committed 12928K, reserved 1060864K
  class space    used 1266K, capacity 1317K, committed 1408K, reserved 1048576K
}
Event: 2.625 GC heap before
{Heap before GC invocations=3 (full 0):
 garbage-first heap   total 131072K, used 22905K [0x0000000080000000, 0x0000000100000000)
  region size 1024K, 15 young (15360K), 1 survivors (1024K)
 Metaspace       used 15543K, capacity 15700K, committed 15744K, reserved 1062912K
  class space    used 1598K, capacity 1646K, committed 1664K, reserved 1048576K
}
Event: 2.656 GC heap after
{Heap after GC invocations=4 (full 0):
 garbage-first heap   total 131072K, used 9728K [0x0000000080000000, 0x0000000100000000)
  region size 1024K, 2 young (2048K), 2 survivors (2048K)
 Metaspace       used 15543K, capacity 15700K, committed 15744K, reserved 1062912K
  class space    used 1598K, capacity 1646K, committed 1664K, reserved 1048576K
}
Event: 3.394 GC heap before
{Heap before GC invocations=4 (full 0):
 garbage-first heap   total 131072K, used 75264K [0x0000000080000000, 0x0000000100000000)
  region size 1024K, 68 young (69632K), 2 survivors (2048K)
 Metaspace       used 20840K, capacity 21109K, committed 21248K, reserved 1069056K
  class space    used 2359K, capacity 2470K, committed 2560K, reserved 1048576K
}
Event: 3.407 GC heap after
{Heap after GC invocations=5 (full 0):
 garbage-first heap   total 131072K, used 11617K [0x0000000080000000, 0x0000000100000000)
  region size 1024K, 4 young (4096K), 4 survivors (4096K)
 Metaspace       used 20840K, capacity 21109K, committed 21248K, reserved 1069056K
  class space    used 2359K, capacity 2470K, committed 2560K, reserved 1048576K
}
Event: 4.087 GC heap before
{Heap before GC invocations=6 (full 0):
 garbage-first heap   total 45056K, used 33121K [0x0000000080000000, 0x0000000100000000)
  region size 1024K, 26 young (26624K), 4 survivors (4096K)
 Metaspace       used 26233K, capacity 26610K, committed 26752K, reserved 1073152K
  class space    used 3030K, capacity 3152K, committed 3200K, reserved 1048576K
}
Event: 4.101 GC heap after
{Heap after GC invocations=7 (full 0):
 garbage-first heap   total 97280K, used 12656K [0x0000000080000000, 0x0000000100000000)
  region size 1024K, 3 young (3072K), 3 survivors (3072K)
 Metaspace       used 26233K, capacity 26610K, committed 26752K, reserved 1073152K
  class space    used 3030K, capacity 3152K, committed 3200K, reserved 1048576K
}
Event: 4.613 GC heap before
{Heap before GC invocations=7 (full 0):
 garbage-first heap   total 97280K, used 66928K [0x0000000080000000, 0x0000000100000000)
  region size 1024K, 57 young (58368K), 3 survivors (3072K)
 Metaspace       used 27893K, capacity 28296K, committed 28544K, reserved 1075200K
  class space    used 3238K, capacity 3395K, committed 3456K, reserved 1048576K
}
Event: 4.625 GC heap after
{Heap after GC invocations=8 (full 0):
 garbage-first heap   total 97280K, used 13998K [0x0000000080000000, 0x0000000100000000)
  region size 1024K, 5 young (5120K), 5 survivors (5120K)
 Metaspace       used 27893K, capacity 28296K, committed 28544K, reserved 1075200K
  class space    used 3238K, capacity 3395K, committed 3456K, reserved 1048576K
}
Event: 6.980 GC heap before
{Heap before GC invocations=8 (full 0):
 garbage-first heap   total 97280K, used 65198K [0x0000000080000000, 0x0000000100000000)
  region size 1024K, 56 young (57344K), 5 survivors (5120K)
 Metaspace       used 35316K, capacity 35754K, committed 35840K, reserved 1081344K
  class space    used 4274K, capacity 4456K, committed 4480K, reserved 1048576K
}
Event: 7.396 GC heap after
{Heap after GC invocations=9 (full 0):
 garbage-first heap   total 97280K, used 17169K [0x0000000080000000, 0x0000000100000000)
  region size 1024K, 8 young (8192K), 8 survivors (8192K)
 Metaspace       used 35316K, capacity 35754K, committed 35840K, reserved 1081344K
  class space    used 4274K, capacity 4456K, committed 4480K, reserved 1048576K
}
Event: 10.532 GC heap before
{Heap before GC invocations=10 (full 0):
 garbage-first heap   total 92160K, used 66321K [0x0000000080000000, 0x0000000100000000)
  region size 1024K, 57 young (58368K), 8 survivors (8192K)
 Metaspace       used 38219K, capacity 38672K, committed 38860K, reserved 1083392K
  class space    used 4602K, capacity 4746K, committed 4812K, reserved 1048576K
}
Event: 10.565 GC heap after
{Heap after GC invocations=11 (full 0):
 garbage-first heap   total 92160K, used 19764K [0x0000000080000000, 0x0000000100000000)
  region size 1024K, 7 young (7168K), 7 survivors (7168K)
 Metaspace       used 38219K, capacity 38672K, committed 38860K, reserved 1083392K
  class space    used 4602K, capacity 4746K, committed 4812K, reserved 1048576K
}
Event: 10.724 GC heap before
{Heap before GC invocations=12 (full 0):
 garbage-first heap   total 75776K, used 56628K [0x0000000080000000, 0x0000000100000000)
  region size 1024K, 44 young (45056K), 7 survivors (7168K)
 Metaspace       used 38663K, capacity 39120K, committed 39500K, reserved 1083392K
  class space    used 4643K, capacity 4810K, committed 4940K, reserved 1048576K
}

Deoptimization events (2 events):
Event: 5.263 Thread 0x000000547a1c9b00 DEOPT PACKING pc=0x0000005461b4093c sp=0x000000547b77c880
Event: 5.263 Thread 0x000000547a1c9b00 DEOPT UNPACKING pc=0x000000546120e23f sp=0x000000547b77bdd8 mode 0

Classes unloaded (0 events):
No events

Classes redefined (0 events):
No events

Internal exceptions (20 events):
Event: 6.213 Thread 0x000000547a1c9b00 Exception <a 'java/lang/ClassNotFoundException'{0x0000000083811270}: org/springframework/aop/framework/AopInfrastructureBeanCustomizer> (0x0000000083811270) 
thrown [./open/src/hotspot/share/classfile/systemDictionary.cpp, line 295]
Event: 6.293 Thread 0x000000547a1c9b00 Exception <a 'java/lang/ClassNotFoundException'{0x000000008377f9c0}: java/lang/ObjectCustomizer> (0x000000008377f9c0) 
thrown [./open/src/hotspot/share/classfile/systemDictionary.cpp, line 295]
Event: 6.294 Thread 0x000000547a1c9b00 Exception <a 'java/lang/ClassNotFoundException'{0x0000000083788568}: org/springframework/ws/config/annotation/WsConfigurationSupportCustomizer> (0x0000000083788568) 
thrown [./open/src/hotspot/share/classfile/systemDictionary.cpp, line 295]
Event: 6.295 Thread 0x000000547a1c9b00 Exception <a 'java/lang/ClassNotFoundException'{0x00000000837910d8}: org/springframework/ws/config/annotation/DelegatingWsConfigurationCustomizer> (0x00000000837910d8) 
thrown [./open/src/hotspot/share/classfile/systemDictionary.cpp, line 295]
Event: 6.296 Thread 0x000000547a1c9b00 Exception <a 'java/lang/ClassNotFoundException'{0x000000008379a9f8}: org/springframework/ws/config/annotation/DelegatingWsConfiguration$$EnhancerBySpringCGLIB$$4666e25Customizer> (0x000000008379a9f8) 
thrown [./open/src/hotspot/share/classfile/systemDictionary.cpp, line 295]
Event: 6.298 Thread 0x000000547a1c9b00 Exception <a 'java/lang/ClassNotFoundException'{0x00000000837abf68}: org/springframework/context/annotation/ConfigurationClassEnhancer$EnhancedConfigurationCustomizer> (0x00000000837abf68) 
thrown [./open/src/hotspot/share/classfile/systemDictionary.cpp, line 295]
Event: 6.298 Thread 0x000000547a1c9b00 Exception <a 'java/lang/ClassNotFoundException'{0x00000000837b1198}: org/springframework/beans/factory/BeanFactoryAwareCustomizer> (0x00000000837b1198) 
thrown [./open/src/hotspot/share/classfile/systemDictionary.cpp, line 295]
Event: 6.299 Thread 0x000000547a1c9b00 Exception <a 'java/lang/ClassNotFoundException'{0x00000000837b7530}: org/springframework/beans/factory/AwareCustomizer> (0x00000000837b7530) 
thrown [./open/src/hotspot/share/classfile/systemDictionary.cpp, line 295]
Event: 6.461 Thread 0x000000547a1c9b00 Exception <a 'java/lang/ClassNotFoundException'{0x0000000083214338}: java/lang/ObjectCustomizer> (0x0000000083214338) 
thrown [./open/src/hotspot/share/classfile/systemDictionary.cpp, line 295]
Event: 6.462 Thread 0x000000547a1c9b00 Exception <a 'java/lang/ClassNotFoundException'{0x000000008321dd78}: org/springframework/transaction/annotation/AbstractTransactionManagementConfigurationCustomizer> (0x000000008321dd78) 
thrown [./open/src/hotspot/share/classfile/systemDictionary.cpp, line 295]
Event: 6.463 Thread 0x000000547a1c9b00 Exception <a 'java/lang/ClassNotFoundException'{0x0000000083226750}: org/springframework/transaction/annotation/ProxyTransactionManagementConfigurationCustomizer> (0x0000000083226750) 
thrown [./open/src/hotspot/share/classfile/systemDictionary.cpp, line 295]
Event: 6.463 Thread 0x000000547a1c9b00 Exception <a 'java/lang/ClassNotFoundException'{0x000000008322feb8}: org/springframework/context/annotation/ImportAwareCustomizer> (0x000000008322feb8) 
thrown [./open/src/hotspot/share/classfile/systemDictionary.cpp, line 295]
Event: 6.464 Thread 0x000000547a1c9b00 Exception <a 'java/lang/ClassNotFoundException'{0x0000000083236718}: org/springframework/beans/factory/AwareCustomizer> (0x0000000083236718) 
thrown [./open/src/hotspot/share/classfile/systemDictionary.cpp, line 295]
Event: 6.515 Thread 0x000000547a1c9b00 Exception <a 'java/lang/NoSuchMethodError'{0x00000000831f5b20}: 'java.lang.Object java.lang.invoke.DirectMethodHandle$Holder.invokeSpecialIFC(java.lang.Object, java.lang.Object, java.lang.Object)'> (0x00000000831f5b20) 
thrown [./open/src/hotspot/share/interpreter/linkResolver.cpp, line 782]
Event: 6.573 Thread 0x000000547a1c9b00 Exception <a 'java/lang/NoSuchMethodError'{0x0000000082f3b090}: 'int java.lang.invoke.DirectMethodHandle$Holder.invokeSpecial(java.lang.Object, java.lang.Object, java.lang.Object, java.lang.Object, java.lang.Object)'> (0x0000000082f3b090) 
thrown [./open/src/hotspot/share/interpreter/linkResolver.cpp, line 782]
Event: 6.779 Thread 0x000000547a1c9b00 Exception <a 'java/lang/NoSuchMethodError'{0x0000000082c69ff8}: 'void java.lang.invoke.DirectMethodHandle$Holder.invokeInterface(java.lang.Object, java.lang.Object, int)'> (0x0000000082c69ff8) 
thrown [./open/src/hotspot/share/interpreter/linkResolver.cpp, line 782]
Event: 7.898 Thread 0x000000547a1c9b00 Exception <a 'java/lang/IncompatibleClassChangeError'{0x0000000087f771b8}: Found class java.lang.Object, but interface was expected> (0x0000000087f771b8) 
thrown [./open/src/hotspot/share/interpreter/linkResolver.cpp, line 848]
Event: 7.899 Thread 0x000000547a1c9b00 Exception <a 'java/lang/NoSuchMethodError'{0x0000000087f7c8a0}: 'void java.lang.invoke.DirectMethodHandle$Holder.invokeStatic(java.lang.Object, int, java.lang.Object)'> (0x0000000087f7c8a0) 
thrown [./open/src/hotspot/share/interpreter/linkResolver.cpp, line 782]
Event: 7.903 Thread 0x000000547a1c9b00 Exception <a 'java/lang/NoSuchMethodError'{0x0000000087fad960}: 'int java.lang.invoke.DirectMethodHandle$Holder.invokeSpecial(java.lang.Object, java.lang.Object, int)'> (0x0000000087fad960) 
thrown [./open/src/hotspot/share/interpreter/linkResolver.cpp, line 782]
Event: 10.342 Thread 0x000000547a1ca7e0 Exception <a 'java/lang/reflect/InvocationTargetException'{0x0000000084f01ae8}> (0x0000000084f01ae8) 
thrown [./open/src/hotspot/share/runtime/reflection.cpp, line 1157]

Events (20 events):
Event: 10.601 Executing VM operation: G1Concurrent done
Event: 10.601 Executing VM operation: HandshakeAllThreads
Event: 10.601 Executing VM operation: HandshakeAllThreads done
Event: 10.613 Executing VM operation: G1Concurrent
Event: 10.614 Executing VM operation: G1Concurrent done
Event: 10.656 loading class java/lang/ThreadLocal$SuppliedThreadLocal
Event: 10.656 loading class java/lang/ThreadLocal$SuppliedThreadLocal done
Event: 10.657 loading class java/util/logging/LogRecord
Event: 10.658 loading class java/util/logging/LogRecord done
Event: 10.682 Executing VM operation: HandshakeAllThreads
Event: 10.683 Executing VM operation: HandshakeAllThreads done
Event: 10.684 Executing VM operation: HandshakeAllThreads
Event: 10.684 Executing VM operation: HandshakeAllThreads done
Event: 10.699 loading class java/util/jar/JarInputStream
Event: 10.699 loading class java/util/zip/ZipInputStream
Event: 10.699 loading class java/util/zip/ZipInputStream done
Event: 10.699 loading class java/util/jar/JarInputStream done
Event: 10.699 loading class java/io/PushbackInputStream
Event: 10.700 loading class java/io/PushbackInputStream done
Event: 10.724 Executing VM operation: G1CollectForAllocation


Dynamic libraries:
0x00007ff78d480000 - 0x00007ff78d48d000 	C:\STS\sts-4.10.0.RELEASE\plugins\org.eclipse.justj.openjdk.hotspot.jre.full.win32.x86_64_15.0.2.v20210201-0955\jre\bin\javaw.exe
0x00007ffe649c0000 - 0x00007ffe64b6d000 	C:\Windows\SYSTEM32\ntdll.dll
0x00007ffe629c0000 - 0x00007ffe62aff000 	C:\Windows\system32\KERNEL32.DLL
0x00007ffe61ed0000 - 0x00007ffe61fe5000 	C:\Windows\system32\KERNELBASE.dll
0x00007ffe55ce0000 - 0x00007ffe55cf8000 	C:\STS\sts-4.10.0.RELEASE\plugins\org.eclipse.justj.openjdk.hotspot.jre.full.win32.x86_64_15.0.2.v20210201-0955\jre\bin\jli.dll
0x00007ffe55cc0000 - 0x00007ffe55cd9000 	C:\STS\sts-4.10.0.RELEASE\plugins\org.eclipse.justj.openjdk.hotspot.jre.full.win32.x86_64_15.0.2.v20210201-0955\jre\bin\VCRUNTIME140.dll
0x00007ffe55cb0000 - 0x00007ffe55cb4000 	C:\STS\sts-4.10.0.RELEASE\plugins\org.eclipse.justj.openjdk.hotspot.jre.full.win32.x86_64_15.0.2.v20210201-0955\jre\bin\api-ms-win-crt-stdio-l1-1-0.dll
0x00007ffe55ca0000 - 0x00007ffe55ca4000 	C:\STS\sts-4.10.0.RELEASE\plugins\org.eclipse.justj.openjdk.hotspot.jre.full.win32.x86_64_15.0.2.v20210201-0955\jre\bin\api-ms-win-crt-runtime-l1-1-0.dll
0x00007ffe55c90000 - 0x00007ffe55c93000 	C:\STS\sts-4.10.0.RELEASE\plugins\org.eclipse.justj.openjdk.hotspot.jre.full.win32.x86_64_15.0.2.v20210201-0955\jre\bin\api-ms-win-crt-environment-l1-1-0.dll
0x00007ffe55c80000 - 0x00007ffe55c85000 	C:\STS\sts-4.10.0.RELEASE\plugins\org.eclipse.justj.openjdk.hotspot.jre.full.win32.x86_64_15.0.2.v20210201-0955\jre\bin\api-ms-win-crt-math-l1-1-0.dll
0x00007ffe55c70000 - 0x00007ffe55c73000 	C:\STS\sts-4.10.0.RELEASE\plugins\org.eclipse.justj.openjdk.hotspot.jre.full.win32.x86_64_15.0.2.v20210201-0955\jre\bin\api-ms-win-crt-locale-l1-1-0.dll
0x00007ffe55c60000 - 0x00007ffe55c63000 	C:\STS\sts-4.10.0.RELEASE\plugins\org.eclipse.justj.openjdk.hotspot.jre.full.win32.x86_64_15.0.2.v20210201-0955\jre\bin\api-ms-win-crt-heap-l1-1-0.dll
0x00007ffe5f6d0000 - 0x00007ffe5f94b000 	C:\Windows\WinSxS\amd64_microsoft.windows.common-controls_6595b64144ccf1df_6.0.9600.19394_none_62486577ecb635cf\COMCTL32.dll
0x00007ffe64410000 - 0x00007ffe64587000 	C:\Windows\system32\USER32.dll
0x00007ffe55c50000 - 0x00007ffe55c53000 	C:\STS\sts-4.10.0.RELEASE\plugins\org.eclipse.justj.openjdk.hotspot.jre.full.win32.x86_64_15.0.2.v20210201-0955\jre\bin\api-ms-win-crt-filesystem-l1-1-0.dll
0x00007ffe55c40000 - 0x00007ffe55c44000 	C:\STS\sts-4.10.0.RELEASE\plugins\org.eclipse.justj.openjdk.hotspot.jre.full.win32.x86_64_15.0.2.v20210201-0955\jre\bin\api-ms-win-crt-string-l1-1-0.dll
0x00007ffe55c30000 - 0x00007ffe55c34000 	C:\STS\sts-4.10.0.RELEASE\plugins\org.eclipse.justj.openjdk.hotspot.jre.full.win32.x86_64_15.0.2.v20210201-0955\jre\bin\api-ms-win-crt-convert-l1-1-0.dll
0x00007ffe647f0000 - 0x00007ffe6489a000 	C:\Windows\system32\msvcrt.dll
0x00007ffe620b0000 - 0x00007ffe621fe000 	C:\Windows\system32\GDI32.dll
0x00007ffe55af0000 - 0x00007ffe55bea000 	C:\STS\sts-4.10.0.RELEASE\plugins\org.eclipse.justj.openjdk.hotspot.jre.full.win32.x86_64_15.0.2.v20210201-0955\jre\bin\ucrtbase.DLL
0x00007ffe647b0000 - 0x00007ffe647e6000 	C:\Windows\system32\IMM32.DLL
0x00007ffe64110000 - 0x00007ffe64261000 	C:\Windows\system32\MSCTF.dll
0x00007ffe55c20000 - 0x00007ffe55c2c000 	C:\STS\sts-4.10.0.RELEASE\plugins\org.eclipse.justj.openjdk.hotspot.jre.full.win32.x86_64_15.0.2.v20210201-0955\jre\bin\vcruntime140_1.dll
0x00007ffe55a50000 - 0x00007ffe55ae1000 	C:\STS\sts-4.10.0.RELEASE\plugins\org.eclipse.justj.openjdk.hotspot.jre.full.win32.x86_64_15.0.2.v20210201-0955\jre\bin\msvcp140.dll
0x00007ffe55c10000 - 0x00007ffe55c13000 	C:\STS\sts-4.10.0.RELEASE\plugins\org.eclipse.justj.openjdk.hotspot.jre.full.win32.x86_64_15.0.2.v20210201-0955\jre\bin\api-ms-win-crt-time-l1-1-0.dll
0x00007ffe55c00000 - 0x00007ffe55c03000 	C:\STS\sts-4.10.0.RELEASE\plugins\org.eclipse.justj.openjdk.hotspot.jre.full.win32.x86_64_15.0.2.v20210201-0955\jre\bin\api-ms-win-crt-utility-l1-1-0.dll
0x00007ffe48cf0000 - 0x00007ffe4984e000 	C:\STS\sts-4.10.0.RELEASE\plugins\org.eclipse.justj.openjdk.hotspot.jre.full.win32.x86_64_15.0.2.v20210201-0955\jre\bin\server\jvm.dll
0x00007ffe62220000 - 0x00007ffe622ca000 	C:\Windows\system32\ADVAPI32.dll
0x00007ffe55fb0000 - 0x00007ffe55fb9000 	C:\Windows\SYSTEM32\WSOCK32.dll
0x00007ffe5ced0000 - 0x00007ffe5cef2000 	C:\Windows\SYSTEM32\WINMM.dll
0x00007ffe5d2d0000 - 0x00007ffe5d2da000 	C:\Windows\SYSTEM32\VERSION.dll
0x00007ffe625b0000 - 0x00007ffe625b7000 	C:\Windows\system32\PSAPI.DLL
0x00007ffe627a0000 - 0x00007ffe627f8000 	C:\Windows\SYSTEM32\sechost.dll
0x00007ffe62870000 - 0x00007ffe629af000 	C:\Windows\system32\RPCRT4.dll
0x00007ffe62050000 - 0x00007ffe620aa000 	C:\Windows\system32\WS2_32.dll
0x00007ffe5ce00000 - 0x00007ffe5ce2a000 	C:\Windows\SYSTEM32\WINMMBASE.dll
0x00007ffe61bb0000 - 0x00007ffe61bde000 	C:\Windows\system32\SspiCli.dll
0x00007ffe62040000 - 0x00007ffe62049000 	C:\Windows\system32\NSI.dll
0x00007ffe61ff0000 - 0x00007ffe6203f000 	C:\Windows\SYSTEM32\cfgmgr32.dll
0x00007ffe60990000 - 0x00007ffe609b8000 	C:\Windows\SYSTEM32\DEVOBJ.dll
0x00007ffe5cdb0000 - 0x00007ffe5cdba000 	C:\STS\sts-4.10.0.RELEASE\plugins\org.eclipse.justj.openjdk.hotspot.jre.full.win32.x86_64_15.0.2.v20210201-0955\jre\bin\jimage.dll
0x00007ffe5bb00000 - 0x00007ffe5bc89000 	C:\Windows\SYSTEM32\DBGHELP.DLL
0x00007ffe55ec0000 - 0x00007ffe55ee5000 	C:\STS\sts-4.10.0.RELEASE\plugins\org.eclipse.justj.openjdk.hotspot.jre.full.win32.x86_64_15.0.2.v20210201-0955\jre\bin\java.dll
0x00007ffe55f90000 - 0x00007ffe55fa8000 	C:\STS\sts-4.10.0.RELEASE\plugins\org.eclipse.justj.openjdk.hotspot.jre.full.win32.x86_64_15.0.2.v20210201-0955\jre\bin\zip.dll
0x00007ffe62b10000 - 0x00007ffe6403e000 	C:\Windows\system32\SHELL32.dll
0x00007ffe64590000 - 0x00007ffe647a1000 	C:\Windows\SYSTEM32\combase.dll
0x00007ffe62490000 - 0x00007ffe624e4000 	C:\Windows\system32\SHLWAPI.dll
0x00007ffe60140000 - 0x00007ffe601f2000 	C:\Windows\SYSTEM32\SHCORE.dll
0x00007ffe61ae0000 - 0x00007ffe61af5000 	C:\Windows\SYSTEM32\profapi.dll
0x00007ffe55ea0000 - 0x00007ffe55eb9000 	C:\STS\sts-4.10.0.RELEASE\plugins\org.eclipse.justj.openjdk.hotspot.jre.full.win32.x86_64_15.0.2.v20210201-0955\jre\bin\net.dll
0x00007ffe5b9a0000 - 0x00007ffe5ba69000 	C:\Windows\SYSTEM32\WINHTTP.dll
0x00007ffe61320000 - 0x00007ffe61379000 	C:\Windows\system32\mswsock.dll
0x00007ffe55e80000 - 0x00007ffe55e92000 	C:\STS\sts-4.10.0.RELEASE\plugins\org.eclipse.justj.openjdk.hotspot.jre.full.win32.x86_64_15.0.2.v20210201-0955\jre\bin\nio.dll
0x00007ffe55a30000 - 0x00007ffe55a39000 	C:\STS\sts-4.10.0.RELEASE\plugins\org.eclipse.justj.openjdk.hotspot.jre.full.win32.x86_64_15.0.2.v20210201-0955\jre\bin\management.dll
0x00007ffe55a20000 - 0x00007ffe55a2b000 	C:\STS\sts-4.10.0.RELEASE\plugins\org.eclipse.justj.openjdk.hotspot.jre.full.win32.x86_64_15.0.2.v20210201-0955\jre\bin\management_ext.dll
0x00007ffe58c60000 - 0x00007ffe58c75000 	C:\Windows\system32\napinsp.dll
0x00007ffe5f3d0000 - 0x00007ffe5f3eb000 	C:\Windows\system32\NLAapi.dll
0x00007ffe61120000 - 0x00007ffe611c4000 	C:\Windows\SYSTEM32\DNSAPI.dll
0x00007ffe58c50000 - 0x00007ffe58c5d000 	C:\Windows\System32\winrnr.dll
0x00007ffe5a3f0000 - 0x00007ffe5a3fa000 	C:\Windows\System32\rasadhlp.dll
0x00007ffe5e240000 - 0x00007ffe5e26a000 	C:\Windows\SYSTEM32\IPHLPAPI.DLL
0x00007ffe5e270000 - 0x00007ffe5e27a000 	C:\Windows\SYSTEM32\WINNSI.DLL
0x00007ffe5dd80000 - 0x00007ffe5ddeb000 	C:\Windows\System32\fwpuclnt.dll
0x00007ffe61380000 - 0x00007ffe613a0000 	C:\Windows\SYSTEM32\CRYPTSP.dll
0x00007ffe60fc0000 - 0x00007ffe60ff6000 	C:\Windows\system32\rsaenh.dll
0x00007ffe615c0000 - 0x00007ffe615e6000 	C:\Windows\SYSTEM32\bcrypt.dll
0x00007ffe610b0000 - 0x00007ffe610d1000 	C:\Windows\SYSTEM32\USERENV.dll
0x00007ffe618e0000 - 0x00007ffe61943000 	C:\Windows\system32\bcryptprimitives.dll
0x00007ffe61a50000 - 0x00007ffe61a5b000 	C:\Windows\SYSTEM32\CRYPTBASE.dll
0x00007ffe5dd60000 - 0x00007ffe5dd76000 	C:\Windows\SYSTEM32\dhcpcsvc6.DLL
0x00007ffe5dd40000 - 0x00007ffe5dd5a000 	C:\Windows\SYSTEM32\dhcpcsvc.DLL
0x00007ffe5cca0000 - 0x00007ffe5ccb0000 	C:\STS\sts-4.10.0.RELEASE\plugins\org.eclipse.justj.openjdk.hotspot.jre.full.win32.x86_64_15.0.2.v20210201-0955\jre\bin\verify.dll

dbghelp: loaded successfully - version: 4.0.5 - missing functions: none
symbol engine: initialized successfully - sym options: 0x614 - pdb path: .;C:\STS\sts-4.10.0.RELEASE\plugins\org.eclipse.justj.openjdk.hotspot.jre.full.win32.x86_64_15.0.2.v20210201-0955\jre\bin;C:\Windows\SYSTEM32;C:\Windows\WinSxS\amd64_microsoft.windows.common-controls_6595b64144ccf1df_6.0.9600.19394_none_62486577ecb635cf;C:\STS\sts-4.10.0.RELEASE\plugins\org.eclipse.justj.openjdk.hotspot.jre.full.win32.x86_64_15.0.2.v20210201-0955\jre\bin\server

VM Arguments:
jvm_args: -Dcom.sun.management.jmxremote -Dcom.sun.management.jmxremote.port=57298 -Dcom.sun.management.jmxremote.authenticate=false -Dcom.sun.management.jmxremote.ssl=false -Djava.rmi.server.hostname=localhost -Dspring.jmx.enabled=true -Dspring.application.admin.enabled=true -XX:TieredStopAtLevel=1 -Dspring.boot.project.name=phase2 -Dfile.encoding=UTF-8 -XX:+ShowCodeDetailsInExceptionMessages 
java_command: com.securedloan.arthavedika.ArthavedikaApplication --spring.output.ansi.enabled=always
java_class_path (initial): C:\Users\BrajendraArthavedika\Desktop\brajendra\projectPhase2\target\classes;C:\Users\BrajendraArthavedika\.m2\repository\org\springframework\security\spring-security-crypto\5.4.5\spring-security-crypto-5.4.5.jar;C:\Users\BrajendraArthavedika\.m2\repository\org\apache\commons\commons-csv\1.8\commons-csv-1.8.jar;C:\Users\BrajendraArthavedika\.m2\repository\net\sf\jasperreports\jasperreports\6.1.0\jasperreports-6.1.0.jar;C:\Users\BrajendraArthavedika\.m2\repository\commons-beanutils\commons-beanutils\1.9.0\commons-beanutils-1.9.0.jar;C:\Users\BrajendraArthavedika\.m2\repository\commons-collections\commons-collections\3.2.1\commons-collections-3.2.1.jar;C:\Users\BrajendraArthavedika\.m2\repository\commons-digester\commons-digester\2.1\commons-digester-2.1.jar;C:\Users\BrajendraArthavedika\.m2\repository\commons-logging\commons-logging\1.1.1\commons-logging-1.1.1.jar;C:\Users\BrajendraArthavedika\.m2\repository\com\lowagie\itext\2.1.7.js2\itext-2.1.7.js2.jar;C:\Users\BrajendraArthavedika\.m2\repository\bouncycastle\bcmail-jdk14\138\bcmail-jdk14-138.jar;C:\Users\BrajendraArthavedika\.m2\repository\bouncycastle\bcprov-jdk14\138\bcprov-jdk14-138.jar;C:\Users\BrajendraArthavedika\.m2\repository\org\bouncycastle\bctsp-jdk14\1.38\bctsp-jdk14-1.38.jar;C:\Users\BrajendraArthavedika\.m2\repository\org\bouncycastle\bcprov-jdk14\1.38\bcprov-jdk14-1.38.jar;C:\Users\BrajendraArthavedika\.m2\repository\org\bouncycastle\bcmail-jdk14\1.38\bcmail-jdk14-1.38.jar;C:\Users\BrajendraArthavedika\.m2\repository\jfree\jcommon\1.0.15\jcommon-1.0.15.jar;C:\Users\BrajendraArthavedika\.m2\repository\jfree\jfreechart\1.0.12\jfreechart-1.0.12.jar;C:\Users\BrajendraArthavedika\.m2\repository\xml-apis\xml-apis\1.3.02\xml-apis-1.3.02.jar;C:\Users\BrajendraArthavedika\.m2\repository\org\eclipse\jdt\core\compiler\ecj\4.3.1\ecj-4.3.1.jar;C:\Users\BrajendraArthavedika\.m2\repository\org\codehaus\castor\castor-xml\1.3.3\castor-xml-1.3.3.jar;C:\Users\BrajendraArthavedika\.m2\repo
Launcher Type: SUN_STANDARD

[Global flags]
     intx CICompilerCount                          = 2                                         {product} {ergonomic}
     uint ConcGCThreads                            = 1                                         {product} {ergonomic}
     uint G1ConcRefinementThreads                  = 2                                         {product} {ergonomic}
   size_t G1HeapRegionSize                         = 1048576                                   {product} {ergonomic}
    uintx GCDrainStackTargetSize                   = 64                                        {product} {ergonomic}
   size_t InitialHeapSize                          = 134217728                                 {product} {ergonomic}
     bool ManagementServer                         = true                                      {product} {command line}
   size_t MarkStackSize                            = 4194304                                   {product} {ergonomic}
   size_t MaxHeapSize                              = 2147483648                                {product} {ergonomic}
   size_t MaxNewSize                               = 1287651328                                {product} {ergonomic}
   size_t MinHeapDeltaBytes                        = 1048576                                   {product} {ergonomic}
   size_t MinHeapSize                              = 8388608                                   {product} {ergonomic}
    uintx NonNMethodCodeHeapSize                   = 6396312                                {pd product} {ergonomic}
    uintx NonProfiledCodeHeapSize                  = 245261928                              {pd product} {ergonomic}
    uintx ProfiledCodeHeapSize                     = 0                                      {pd product} {ergonomic}
    uintx ReservedCodeCacheSize                    = 251658240                              {pd product} {ergonomic}
     bool SegmentedCodeCache                       = true                                      {product} {ergonomic}
     bool ShowCodeDetailsInExceptionMessages       = true                                   {manageable} {command line}
   size_t SoftMaxHeapSize                          = 2147483648                             {manageable} {ergonomic}
     intx TieredStopAtLevel                        = 1                                         {product} {command line}
     bool UseCompressedClassPointers               = true                                 {lp64_product} {ergonomic}
     bool UseCompressedOops                        = true                                 {lp64_product} {ergonomic}
     bool UseG1GC                                  = true                                      {product} {ergonomic}
     bool UseLargePagesIndividualAllocation        = false                                  {pd product} {ergonomic}

Logging:
Log output configuration:
 #0: stdout all=warning uptime,level,tags
 #1: stderr all=off uptime,level,tags

Environment Variables:
JAVA_HOME=C:\Program Files\Java\jdk-17.0.1
CLASSPATH=C:\apache-tomcat-10\lib
PATH=C:/STS/sts-4.10.0.RELEASE//plugins/org.eclipse.justj.openjdk.hotspot.jre.full.win32.x86_64_15.0.2.v20210201-0955/jre/bin/server;C:/STS/sts-4.10.0.RELEASE//plugins/org.eclipse.justj.openjdk.hotspot.jre.full.win32.x86_64_15.0.2.v20210201-0955/jre/bin;C:\Program Files\Common Files\Oracle\Java\javapath;C:\Program Files\Eclipse Adoptium\jdk-11.0.13.8-hotspot\bin;C:\Program Files (x86)\Common Files\Oracle\Java\javapath;C:\Windows\system32;C:\Windows;C:\Windows\System32\Wbem;C:\Windows\System32\WindowsPowerShell\v1.0\;C:\Program Files\Amazon\cfn-bootstrap\;C:\Program Files\Git\cmd;%PATH%;C:\Program Files\Java\jdk-17.0.1\bin;C:\Program Files\Java\jre1.8.0_311\bin;C:\apache-tomcat-10\bin\C:\apache-tomcat-10\lib\servlet-api.jar;C:\Program Files\nodejs\;C:\Program Files\MySQL\MySQL Shell 8.0\bin\;C:\Users\BrajendraArthavedika\AppData\Local\Programs\Microsoft VS Code\bin;C:\Program Files\Java\jdk-17.0.1\bin;C:\Program Files\Java\jre1.8.0_281\bin;C:\apache-tomcat-10\lib;C:\Users\BrajendraArthavedika\AppData\Roaming\npm\node_modules\@angular\cli\bin;C:\Windows\System32\node_modules\.bin;C:\STS\sts-4.10.0.RELEASE;
USERNAME=BrajendraArthavedika
OS=Windows_NT
PROCESSOR_IDENTIFIER=Intel64 Family 6 Model 79 Stepping 1, GenuineIntel



---------------  S Y S T E M  ---------------

OS:
 Windows Server 2012 R2 , 64 bit Build 9600 (6.3.9600.19843)
OS uptime: 119 days 23:30 hours
Xen hardware-assisted virtualization detected

CPU: total 2 (initial active 2) (1 cores per cpu, 2 threads per core) family 6 model 79 stepping 1 microcode 0xb00003e, cmov, cx8, fxsr, mmx, sse, sse2, sse3, ssse3, sse4.1, sse4.2, popcnt, vzeroupper, avx, avx2, aes, clmul, erms, lzcnt, ht, tsc, bmi1, bmi2, fma, clflush

Memory: 4k page, system-wide physical 8191M (310M free)
TotalPageFile size 16383M (AvailPageFile size 49M)
current process WorkingSet (physical memory assigned to process): 169M, peak: 182M
current process commit charge ("private bytes"): 195M, peak: 249M

vm_info: OpenJDK 64-Bit Server VM (15.0.2+7-27) for windows-amd64 JRE (15.0.2+7-27), built on Dec  7 2020 20:02:38 by "mach5one" with unknown MS VC++:1925

END.
